0 info it worked if it ends with ok
1 verbose cli [ 'node', '/usr/local/bin/npm', 'install', '-g', 'grunt-nggrid' ]
2 info using npm@1.3.26
3 info using node@v0.10.25
4 verbose cache add [ 'grunt-nggrid', null ]
5 verbose cache add name=undefined spec="grunt-nggrid" args=["grunt-nggrid",null]
6 verbose parsed url { protocol: null,
6 verbose parsed url   slashes: null,
6 verbose parsed url   auth: null,
6 verbose parsed url   host: null,
6 verbose parsed url   port: null,
6 verbose parsed url   hostname: null,
6 verbose parsed url   hash: null,
6 verbose parsed url   search: null,
6 verbose parsed url   query: null,
6 verbose parsed url   pathname: 'grunt-nggrid',
6 verbose parsed url   path: 'grunt-nggrid',
6 verbose parsed url   href: 'grunt-nggrid' }
7 silly lockFile 855d279c-grunt-nggrid grunt-nggrid
8 verbose lock grunt-nggrid /Users/neurobits/.npm/855d279c-grunt-nggrid.lock
9 silly lockFile 855d279c-grunt-nggrid grunt-nggrid
10 silly lockFile 855d279c-grunt-nggrid grunt-nggrid
11 verbose addNamed [ 'grunt-nggrid', '' ]
12 verbose addNamed [ null, '*' ]
13 silly lockFile b3bbdde5-grunt-nggrid grunt-nggrid@
14 verbose lock grunt-nggrid@ /Users/neurobits/.npm/b3bbdde5-grunt-nggrid.lock
15 silly addNameRange { name: 'grunt-nggrid', range: '*', hasData: false }
16 silly lockFile b3bbdde5-grunt-nggrid grunt-nggrid@
17 silly lockFile b3bbdde5-grunt-nggrid grunt-nggrid@
18 error 404 'grunt-nggrid' is not in the npm registry.
18 error 404 You should bug the author to publish it
18 error 404
18 error 404 Note that you can also install from a
18 error 404 tarball, folder, or http url, or git url.
19 error System Darwin 13.0.0
20 error command "node" "/usr/local/bin/npm" "install" "-g" "grunt-nggrid"
21 error cwd /Users/neurobits/Develop/www/ax-datamine
22 error node -v v0.10.25
23 error npm -v 1.3.26
24 error code E404
25 verbose exit [ 1, true ]
